2026.02.27 00:00:15 INFO  Started: Metals version 1.6.5 in folders '/Users/juanc.vargash/Library/CloudStorage/GoogleDrive-jcarlo.vh@gmail.com/Mi unidad/DOCS/D/03 S/Estructura de datos 1/Parcial 1/ED_Parcial_Juan_Carlos_Vargas' for client Visual Studio Code 1.109.4.
2026.02.27 00:00:15 INFO  Memory monitor started
2026.02.27 00:00:15 WARN  Using H2 2.4.240 which is newer than the version Flyway has been verified with. The latest verified version of H2 is 2.3.232.
2026.02.27 00:00:16 WARN  no build tool detected in workspace '/Users/juanc.vargash/Library/CloudStorage/GoogleDrive-jcarlo.vh@gmail.com/Mi unidad/DOCS/D/03 S/Estructura de datos 1/Parcial 1/ED_Parcial_Juan_Carlos_Vargas'. The most common cause for this problem is that the editor was opened in the wrong working directory, for example if you use sbt then the workspace directory should contain build.sbt. 
2026.02.27 00:00:16 WARN  Build server is not auto-connectable.
2026.02.27 00:00:16 WARN  no build target for: /Users/juanc.vargash/Library/CloudStorage/GoogleDrive-jcarlo.vh@gmail.com/Mi unidad/DOCS/D/03 S/Estructura de datos 1/Parcial 1/ED_Parcial_Juan_Carlos_Vargas/src/benchmark/Main.java
2026.02.27 00:00:17 WARN  Running javac-semanticdb failed for file:///Users/juanc.vargash/Library/CloudStorage/GoogleDrive-jcarlo.vh@gmail.com/Mi%20unidad/DOCS/D/03%20S/Estructura%20de%20datos%201/Parcial%201/ED_Parcial_Juan_Carlos_Vargas/src/benchmark/Main.java. Output:

feb 27, 2026 12:01:40 A. M. org.eclipse.lsp4j.jsonrpc.services.GenericEndpoint notify
INFORMACIÓN: Unsupported notification method: $/setTrace
2026.02.27 00:03:02 INFO  no build target found for /Users/juanc.vargash/Library/CloudStorage/GoogleDrive-jcarlo.vh@gmail.com/Mi unidad/DOCS/D/03 S/Estructura de datos 1/Parcial 1/ED_Parcial_Juan_Carlos_Vargas/src/benchmark/Main.java. Using fallback presentation compiler.
feb 27, 2026 12:14:22 A. M. org.eclipse.lsp4j.jsonrpc.services.GenericEndpoint notify
INFORMACIÓN: Unsupported notification method: $/setTrace
2026.02.27 17:39:03 INFO  Shutting down server
2026.02.27 17:39:03 INFO  Memory monitor stopped
2026.02.27 17:39:03 INFO  shutting down Metals
2026.02.27 17:39:03 INFO  Exiting server
2026.03.01 23:54:01 INFO  Started: Metals version 1.6.5 in folders '/Users/juanc.vargash/Library/CloudStorage/GoogleDrive-jcarlo.vh@gmail.com/Mi unidad/DOCS/D/03 S/Estructura de datos 1/Parcial 1/ED_Parcial_Juan_Carlos_Vargas' for client Visual Studio Code 1.109.5.
2026.03.01 23:54:01 INFO  Memory monitor started
2026.03.01 23:54:01 WARN  Using H2 2.4.240 which is newer than the version Flyway has been verified with. The latest verified version of H2 is 2.3.232.
2026.03.01 23:54:01 WARN  no build tool detected in workspace '/Users/juanc.vargash/Library/CloudStorage/GoogleDrive-jcarlo.vh@gmail.com/Mi unidad/DOCS/D/03 S/Estructura de datos 1/Parcial 1/ED_Parcial_Juan_Carlos_Vargas'. The most common cause for this problem is that the editor was opened in the wrong working directory, for example if you use sbt then the workspace directory should contain build.sbt. 
2026.03.01 23:54:01 WARN  Build server is not auto-connectable.
2026.03.01 23:54:01 WARN  no build target for: /Users/juanc.vargash/Library/CloudStorage/GoogleDrive-jcarlo.vh@gmail.com/Mi unidad/DOCS/D/03 S/Estructura de datos 1/Parcial 1/ED_Parcial_Juan_Carlos_Vargas/src/algorithms/BusquedaLineal.java
2026.03.01 23:54:02 WARN  Running javac-semanticdb failed for file:///Users/juanc.vargash/Library/CloudStorage/GoogleDrive-jcarlo.vh@gmail.com/Mi%20unidad/DOCS/D/03%20S/Estructura%20de%20datos%201/Parcial%201/ED_Parcial_Juan_Carlos_Vargas/src/algorithms/BusquedaLineal.java. Output:

2026.03.01 23:54:05 WARN  no build target for: /Users/juanc.vargash/Library/CloudStorage/GoogleDrive-jcarlo.vh@gmail.com/Mi unidad/DOCS/D/03 S/Estructura de datos 1/Parcial 1/ED_Parcial_Juan_Carlos_Vargas/src/algorithms/BusquedaLineal.java
2026.03.01 23:54:05 INFO  no build target found for /Users/juanc.vargash/Library/CloudStorage/GoogleDrive-jcarlo.vh@gmail.com/Mi unidad/DOCS/D/03 S/Estructura de datos 1/Parcial 1/ED_Parcial_Juan_Carlos_Vargas/src/algorithms/BusquedaLineal.java. Using fallback presentation compiler.
2026.03.01 23:54:05 INFO  no build target found for /Users/juanc.vargash/Library/CloudStorage/GoogleDrive-jcarlo.vh@gmail.com/Mi unidad/DOCS/D/03 S/Estructura de datos 1/Parcial 1/ED_Parcial_Juan_Carlos_Vargas/src/algorithms/BusquedaLineal.java. Using fallback presentation compiler.
2026.03.01 23:54:05 INFO  no build target found for /Users/juanc.vargash/Library/CloudStorage/GoogleDrive-jcarlo.vh@gmail.com/Mi unidad/DOCS/D/03 S/Estructura de datos 1/Parcial 1/ED_Parcial_Juan_Carlos_Vargas/src/algorithms/BusquedaLineal.java. Using fallback presentation compiler.
2026.03.01 23:54:05 INFO  no build target found for /Users/juanc.vargash/Library/CloudStorage/GoogleDrive-jcarlo.vh@gmail.com/Mi unidad/DOCS/D/03 S/Estructura de datos 1/Parcial 1/ED_Parcial_Juan_Carlos_Vargas/src/algorithms/BusquedaLineal.java. Using fallback presentation compiler.
2026.03.01 23:54:22 INFO  no build target found for /Users/juanc.vargash/Library/CloudStorage/GoogleDrive-jcarlo.vh@gmail.com/Mi unidad/DOCS/D/03 S/Estructura de datos 1/Parcial 1/ED_Parcial_Juan_Carlos_Vargas/src/algorithms/BusquedaLineal.java. Using fallback presentation compiler.
2026.03.01 23:54:24 INFO  no build target found for /Users/juanc.vargash/Library/CloudStorage/GoogleDrive-jcarlo.vh@gmail.com/Mi unidad/DOCS/D/03 S/Estructura de datos 1/Parcial 1/ED_Parcial_Juan_Carlos_Vargas/src/algorithms/BusquedaLineal.java. Using fallback presentation compiler.
2026.03.01 23:54:31 INFO  no build target found for /Users/juanc.vargash/Library/CloudStorage/GoogleDrive-jcarlo.vh@gmail.com/Mi unidad/DOCS/D/03 S/Estructura de datos 1/Parcial 1/ED_Parcial_Juan_Carlos_Vargas/src/algorithms/BusquedaLineal.java. Using fallback presentation compiler.
2026.03.02 16:22:58 WARN  no build target for: /Users/juanc.vargash/Library/CloudStorage/GoogleDrive-jcarlo.vh@gmail.com/Mi unidad/DOCS/D/03 S/Estructura de datos 1/Parcial 1/ED_Parcial_Juan_Carlos_Vargas/src/algorithms/Factorial.java
2026.03.02 16:22:58 INFO  no build target found for /Users/juanc.vargash/Library/CloudStorage/GoogleDrive-jcarlo.vh@gmail.com/Mi unidad/DOCS/D/03 S/Estructura de datos 1/Parcial 1/ED_Parcial_Juan_Carlos_Vargas/src/algorithms/Factorial.java. Using fallback presentation compiler.
2026.03.02 16:22:58 INFO  no build target found for /Users/juanc.vargash/Library/CloudStorage/GoogleDrive-jcarlo.vh@gmail.com/Mi unidad/DOCS/D/03 S/Estructura de datos 1/Parcial 1/ED_Parcial_Juan_Carlos_Vargas/src/algorithms/Factorial.java. Using fallback presentation compiler.
2026.03.02 16:22:58 WARN  Running javac-semanticdb failed for file:///Users/juanc.vargash/Library/CloudStorage/GoogleDrive-jcarlo.vh@gmail.com/Mi%20unidad/DOCS/D/03%20S/Estructura%20de%20datos%201/Parcial%201/ED_Parcial_Juan_Carlos_Vargas/src/algorithms/Factorial.java. Output:

2026.03.02 16:22:58 INFO  no build target found for /Users/juanc.vargash/Library/CloudStorage/GoogleDrive-jcarlo.vh@gmail.com/Mi unidad/DOCS/D/03 S/Estructura de datos 1/Parcial 1/ED_Parcial_Juan_Carlos_Vargas/src/algorithms/Factorial.java. Using fallback presentation compiler.
2026.03.02 16:22:59 INFO  no build target found for /Users/juanc.vargash/Library/CloudStorage/GoogleDrive-jcarlo.vh@gmail.com/Mi unidad/DOCS/D/03 S/Estructura de datos 1/Parcial 1/ED_Parcial_Juan_Carlos_Vargas/src/algorithms/Factorial.java. Using fallback presentation compiler.
2026.03.02 16:23:08 INFO  no build target found for /Users/juanc.vargash/Library/CloudStorage/GoogleDrive-jcarlo.vh@gmail.com/Mi unidad/DOCS/D/03 S/Estructura de datos 1/Parcial 1/ED_Parcial_Juan_Carlos_Vargas/src/algorithms/Factorial.java. Using fallback presentation compiler.
2026.03.02 16:23:27 INFO  no build target found for /Users/juanc.vargash/Library/CloudStorage/GoogleDrive-jcarlo.vh@gmail.com/Mi unidad/DOCS/D/03 S/Estructura de datos 1/Parcial 1/ED_Parcial_Juan_Carlos_Vargas/src/algorithms/Factorial.java. Using fallback presentation compiler.
2026.03.02 16:23:27 INFO  no build target found for /Users/juanc.vargash/Library/CloudStorage/GoogleDrive-jcarlo.vh@gmail.com/Mi unidad/DOCS/D/03 S/Estructura de datos 1/Parcial 1/ED_Parcial_Juan_Carlos_Vargas/src/algorithms/Factorial.java. Using fallback presentation compiler.
2026.03.02 16:23:30 INFO  no build target found for /Users/juanc.vargash/Library/CloudStorage/GoogleDrive-jcarlo.vh@gmail.com/Mi unidad/DOCS/D/03 S/Estructura de datos 1/Parcial 1/ED_Parcial_Juan_Carlos_Vargas/src/algorithms/Factorial.java. Using fallback presentation compiler.
2026.03.02 22:22:22 INFO  no build target found for /Users/juanc.vargash/Library/CloudStorage/GoogleDrive-jcarlo.vh@gmail.com/Mi unidad/DOCS/D/03 S/Estructura de datos 1/Parcial 1/ED_Parcial_Juan_Carlos_Vargas/src/algorithms/Factorial.java. Using fallback presentation compiler.
2026.03.02 22:22:22 INFO  no build target found for /Users/juanc.vargash/Library/CloudStorage/GoogleDrive-jcarlo.vh@gmail.com/Mi unidad/DOCS/D/03 S/Estructura de datos 1/Parcial 1/ED_Parcial_Juan_Carlos_Vargas/src/algorithms/Factorial.java. Using fallback presentation compiler.
2026.03.02 23:26:27 INFO  no build target found for /Users/juanc.vargash/Library/CloudStorage/GoogleDrive-jcarlo.vh@gmail.com/Mi unidad/DOCS/D/03 S/Estructura de datos 1/Parcial 1/ED_Parcial_Juan_Carlos_Vargas/src/algorithms/Factorial.java. Using fallback presentation compiler.
mar 02, 2026 11:26:40 P. M. org.eclipse.lsp4j.jsonrpc.services.GenericEndpoint notify
INFORMACIÓN: Unsupported notification method: $/setTrace
mar 02, 2026 11:32:44 P. M. org.eclipse.lsp4j.jsonrpc.RemoteEndpoint handleNotification
ADVERTENCIA: Notification threw an exception: {
  "jsonrpc": "2.0",
  "method": "metals/didFocusTextDocument",
  "params": [
    "untitled:Untitled-2"
  ]
}
java.nio.file.FileSystemNotFoundException: Provider "untitled" not installed
	at java.base/java.nio.file.Path.of(Path.java:213)
	at java.base/java.nio.file.Paths.get(Paths.java:98)
	at scala.meta.internal.mtags.MtagsEnrichments$XtensionURIMtags.toAbsolutePath(MtagsEnrichments.scala:149)
	at scala.meta.internal.mtags.MtagsEnrichments$XtensionStringMtags.toAbsolutePath(MtagsEnrichments.scala:209)
	at scala.meta.internal.metals.MetalsEnrichments$XtensionString.toAbsolutePath(MetalsEnrichments.scala:778)
	at scala.meta.internal.metals.MetalsEnrichments$XtensionString.toAbsolutePath(MetalsEnrichments.scala:775)
	at scala.meta.internal.metals.WorkspaceLspService.didFocus(WorkspaceLspService.scala:808)
	at scala.meta.metals.lsp.DelegatingScalaService.didFocus(DelegatingScalaService.scala:42)
	at java.base/jdk.internal.reflect.DirectMethodHandleAccessor.invoke(DirectMethodHandleAccessor.java:103)
	at java.base/java.lang.reflect.Method.invoke(Method.java:580)
	at org.eclipse.lsp4j.jsonrpc.services.GenericEndpoint.lambda$recursiveFindRpcMethods$0(GenericEndpoint.java:65)
	at org.eclipse.lsp4j.jsonrpc.services.GenericEndpoint.notify(GenericEndpoint.java:160)
	at org.eclipse.lsp4j.jsonrpc.RemoteEndpoint.handleNotification(RemoteEndpoint.java:231)
	at org.eclipse.lsp4j.jsonrpc.RemoteEndpoint.consume(RemoteEndpoint.java:198)
	at org.eclipse.lsp4j.jsonrpc.json.StreamMessageProducer.handleMessage(StreamMessageProducer.java:185)
	at org.eclipse.lsp4j.jsonrpc.json.StreamMessageProducer.listen(StreamMessageProducer.java:97)
	at org.eclipse.lsp4j.jsonrpc.json.ConcurrentMessageProcessor.run(ConcurrentMessageProcessor.java:114)
	at java.base/java.util.concurrent.Executors$RunnableAdapter.call(Executors.java:572)
	at java.base/java.util.concurrent.FutureTask.run(FutureTask.java:317)
	at java.base/java.util.concurrent.ThreadPoolExecutor.runWorker(ThreadPoolExecutor.java:1144)
	at java.base/java.util.concurrent.ThreadPoolExecutor$Worker.run(ThreadPoolExecutor.java:642)
	at java.base/java.lang.Thread.run(Thread.java:1583)

